#
# A fatal error has been detected by the Java Runtime Environment:
#
#  EXCEPTION_ACCESS_VIOLATION (0xc0000005) at pc=0x00000000, pid=2456, tid=2152
#
# JRE version: 6.0_16-b01
# Java VM: Java HotSpot(TM) Client VM (14.2-b01 mixed mode windows-x86 )
# Problematic frame:
# C  0x00000000
#
# If you would like to submit a bug report, please visit:
#   http://java.sun.com/webapps/bugreport/crash.jsp
# The crash happened outside the Java Virtual Machine in native code.
# See problematic frame for where to report the bug.
#

---------------  T H R E A D  ---------------

Current thread (0x00769800):  JavaThread "AWT-EventQueue-0" [_thread_in_native, id=2152, stack(0x0cef0000,0x0cf40000)]

siginfo: ExceptionCode=0xc0000005, reading address 0x00000000

Registers:
EAX=0x00000000, EBX=0x08fdee78, ECX=0x107d0850, EDX=0x107d3648
ESP=0x0cf3f42c, EBP=0x0cf3f448, ESI=0x10930850, EDI=0x00769800
EIP=0x00000000, EFLAGS=0x00010206

Top of Stack: (sp=0x0cf3f42c)
0x0cf3f42c:   0f851878 6d998fd5 00769800 00000006
0x0cf3f43c:   00000008 00769800 08fdee78 0cf3f490
0x0cf3f44c:   0f821ae8 08fdee78 0f82186c 08fdee78
0x0cf3f45c:   02209e37 00769910 0cf3f4a0 0c5aaf94
0x0cf3f46c:   00000014 0cf3f470 08fdee78 0cf3f4a0
0x0cf3f47c:   08fe1a78 00000000 08fdee78 00000000
0x0cf3f48c:   0cf3f4a0 0cf3f4c4 02202da1 00000000
0x0cf3f49c:   02208269 04225eb8 0cf3f4a4 08fe06b9 

Instructions: (pc=0x00000000)
0xfffffff0:   


Stack: [0x0cef0000,0x0cf40000],  sp=0x0cf3f42c,  free space=317k
Java frames: (J=compiled Java code, j=interpreted, Vv=VM code)
j  JMyron.JMyron.native_stop()V+0
j  JMyron.JMyron.stop()V+1
j  MyClientPack.WebBasedControl.initWebCam()V+168
j  MyClientPack.WebBasedControl.<init>(LMyClientPack/MainMenu;)V+309
j  MyClientPack.MainMenu.btnControlDevice1ActionPerformed(Ljava/awt/event/ActionEvent;)V+10
j  MyClientPack.MainMenu.access$300(LMyClientPack/MainMenu;Ljava/awt/event/ActionEvent;)V+2
j  MyClientPack.MainMenu$4.actionPerformed(Ljava/awt/event/ActionEvent;)V+5
j  javax.swing.AbstractButton.fireActionPerformed(Ljava/awt/event/ActionEvent;)V+84
j  javax.swing.AbstractButton$Handler.actionPerformed(Ljava/awt/event/ActionEvent;)V+5
j  javax.swing.DefaultButtonModel.fireActionPerformed(Ljava/awt/event/ActionEvent;)V+35
j  javax.swing.DefaultButtonModel.setPressed(Z)V+117
j  javax.swing.plaf.basic.BasicButtonListener.mouseReleased(Ljava/awt/event/MouseEvent;)V+35
j  java.awt.Component.processMouseEvent(Ljava/awt/event/MouseEvent;)V+64
j  javax.swing.JComponent.processMouseEvent(Ljava/awt/event/MouseEvent;)V+23
j  java.awt.Component.processEvent(Ljava/awt/AWTEvent;)V+81
j  java.awt.Container.processEvent(Ljava/awt/AWTEvent;)V+18
j  java.awt.Component.dispatchEventImpl(Ljava/awt/AWTEvent;)V+562
j  java.awt.Container.dispatchEventImpl(Ljava/awt/AWTEvent;)V+42
j  java.awt.Component.dispatchEvent(Ljava/awt/AWTEvent;)V+2
j  java.awt.LightweightDispatcher.retargetMouseEvent(Ljava/awt/Component;ILjava/awt/event/MouseEvent;)V+320
j  java.awt.LightweightDispatcher.processMouseEvent(Ljava/awt/event/MouseEvent;)Z+139
j  java.awt.LightweightDispatcher.dispatchEvent(Ljava/awt/AWTEvent;)Z+50
j  java.awt.Container.dispatchEventImpl(Ljava/awt/AWTEvent;)V+12
j  java.awt.Window.dispatchEventImpl(Ljava/awt/AWTEvent;)V+19
j  java.awt.Component.dispatchEvent(Ljava/awt/AWTEvent;)V+2
j  java.awt.EventQueue.dispatchEvent(Ljava/awt/AWTEvent;)V+46
J  java.awt.EventDispatchThread.pumpOneEventForFilters(I)Z
j  java.awt.EventDispatchThread.pumpEventsForFilter(ILjava/awt/Conditional;Ljava/awt/EventFilter;)V+30
j  java.awt.EventDispatchThread.pumpEventsForHierarchy(ILjava/awt/Conditional;Ljava/awt/Component;)V+11
j  java.awt.EventDispatchThread.pumpEvents(ILjava/awt/Conditional;)V+4
j  java.awt.EventDispatchThread.pumpEvents(Ljava/awt/Conditional;)V+3
j  java.awt.EventDispatchThread.run()V+9
v  ~StubRoutines::call_stub

---------------  P R O C E S S  ---------------

Java Threads: ( => current thread )
  0x0c69e800 JavaThread "Image Fetcher 0" daemon [_thread_blocked, id=1492, stack(0x0f7d0000,0x0f820000)]
  0x0f1bac00 JavaThread "Keep-Alive-Timer" daemon [_thread_blocked, id=472, stack(0x0f780000,0x0f7d0000)]
  0x0f148c00 JavaThread "D3D Screen Updater" daemon [_thread_blocked, id=2972, stack(0x0f540000,0x0f590000)]
  0x0c658400 JavaThread "TimerQueue" daemon [_thread_blocked, id=4996, stack(0x0f020000,0x0f070000)]
  0x00379000 JavaThread "DestroyJavaVM" [_thread_blocked, id=1244, stack(0x00310000,0x00360000)]
=>0x00769800 JavaThread "AWT-EventQueue-0" [_thread_in_native, id=2152, stack(0x0cef0000,0x0cf40000)]
  0x00769400 JavaThread "AWT-Windows" daemon [_thread_in_native, id=2040, stack(0x0ce60000,0x0ceb0000)]
  0x00768c00 JavaThread "AWT-Shutdown" [_thread_blocked, id=2036, stack(0x0cdd0000,0x0ce20000)]
  0x00768800 JavaThread "Java2D Disposer" daemon [_thread_blocked, id=1860, stack(0x0cd40000,0x0cd90000)]
  0x00718c00 JavaThread "Low Memory Detector" daemon [_thread_blocked, id=2924, stack(0x0c490000,0x0c4e0000)]
  0x00711800 JavaThread "CompilerThread0" daemon [_thread_blocked, id=1944, stack(0x0c400000,0x0c450000)]
  0x00711000 JavaThread "Attach Listener" daemon [_thread_blocked, id=4392, stack(0x0c370000,0x0c3c0000)]
  0x0070b400 JavaThread "Signal Dispatcher" daemon [_thread_blocked, id=3644, stack(0x0c2e0000,0x0c330000)]
  0x006eb000 JavaThread "Finalizer" daemon [_thread_blocked, id=2096, stack(0x0c250000,0x0c2a0000)]
  0x006e9c00 JavaThread "Reference Handler" daemon [_thread_blocked, id=2704, stack(0x0c200000,0x0c250000)]

Other Threads:
  0x006e6000 VMThread [stack: 0x00510000,0x00560000] [id=3012]
  0x00723000 WatcherThread [stack: 0x0c520000,0x0c570000] [id=1856]

VM state:not at safepoint (normal execution)

VM Mutex/Monitor currently owned by a thread: None

Heap
 def new generation   total 960K, used 229K [0x04200000, 0x04300000, 0x046e0000)
  eden space 896K,  18% used [0x04200000, 0x042296a8, 0x042e0000)
  from space 64K, 100% used [0x042e0000, 0x042f0000, 0x042f0000)
  to   space 64K,   0% used [0x042f0000, 0x042f0000, 0x04300000)
 tenured generation   total 4096K, used 3463K [0x046e0000, 0x04ae0000, 0x08200000)
   the space 4096K,  84% used [0x046e0000, 0x04a41c18, 0x04a41e00, 0x04ae0000)
 compacting perm gen  total 14336K, used 14215K [0x08200000, 0x09000000, 0x0c200000)
   the space 14336K,  99% used [0x08200000, 0x08fe1d58, 0x08fe1e00, 0x09000000)
No shared spaces configured.

Dynamic libraries:
0x00400000 - 0x00424000 	C:\Program Files (x86)\Java\jdk1.6.0_16\jre\bin\java.exe
0x77130000 - 0x77287000 	C:\Windows\SYSTEM32\ntdll.dll
0x751b0000 - 0x752e0000 	C:\Windows\SYSTEM32\KERNEL32.DLL
0x75e60000 - 0x75f06000 	C:\Windows\SYSTEM32\KERNELBASE.dll
0x73540000 - 0x735e7000 	C:\Windows\system32\apphelp.dll
0x74a10000 - 0x74abe000 	C:\Windows\SYSTEM32\ADVAPI32.dll
0x74ac0000 - 0x74b71000 	C:\Windows\SYSTEM32\msvcrt.dll
0x757d0000 - 0x75804000 	C:\Windows\SYSTEM32\sechost.dll
0x75610000 - 0x756bc000 	C:\Windows\SYSTEM32\RPCRT4.dll
0x747d0000 - 0x747ec000 	C:\Windows\SYSTEM32\SspiCli.dll
0x747c0000 - 0x747c9000 	C:\Windows\SYSTEM32\CRYPTBASE.dll
0x74760000 - 0x747b1000 	C:\Windows\SYSTEM32\bcryptPrimitives.dll
0x7c340000 - 0x7c396000 	C:\Program Files (x86)\Java\jdk1.6.0_16\jre\bin\msvcr71.dll
0x6d8b0000 - 0x6db3b000 	C:\Program Files (x86)\Java\jdk1.6.0_16\jre\bin\client\jvm.dll
0x75930000 - 0x75a46000 	C:\Windows\SYSTEM32\USER32.dll
0x73310000 - 0x73331000 	C:\Windows\SYSTEM32\WINMM.dll
0x74bd0000 - 0x74ccd000 	C:\Windows\SYSTEM32\GDI32.dll
0x732e0000 - 0x7330a000 	C:\Windows\SYSTEM32\WINMMBASE.dll
0x75b60000 - 0x75b80000 	C:\Windows\system32\IMM32.DLL
0x75d70000 - 0x75e4c000 	C:\Windows\SYSTEM32\MSCTF.dll
0x6d860000 - 0x6d86c000 	C:\Program Files (x86)\Java\jdk1.6.0_16\jre\bin\verify.dll
0x6d3e0000 - 0x6d3ff000 	C:\Program Files (x86)\Java\jdk1.6.0_16\jre\bin\java.dll
0x6d340000 - 0x6d348000 	C:\Program Files (x86)\Java\jdk1.6.0_16\jre\bin\hpi.dll
0x75e50000 - 0x75e56000 	C:\Windows\SYSTEM32\PSAPI.DLL
0x6d8a0000 - 0x6d8af000 	C:\Program Files (x86)\Java\jdk1.6.0_16\jre\bin\zip.dll
0x6d0b0000 - 0x6d1fa000 	C:\Program Files (x86)\Java\jdk1.6.0_16\jre\bin\awt.dll
0x746f0000 - 0x74750000 	C:\Windows\SYSTEM32\WINSPOOL.DRV
0x74cd0000 - 0x74de9000 	C:\Windows\SYSTEM32\ole32.dll
0x75070000 - 0x751a6000 	C:\Windows\SYSTEM32\combase.dll
0x70ab0000 - 0x70cf4000 	C:\Windows\AppPatch\AcGenral.DLL
0x749d0000 - 0x74a10000 	C:\Windows\SYSTEM32\SHLWAPI.dll
0x73cd0000 - 0x73d58000 	C:\Windows\SYSTEM32\UxTheme.dll
0x71360000 - 0x71372000 	C:\Windows\SYSTEM32\samcli.dll
0x75740000 - 0x757cb000 	C:\Windows\SYSTEM32\OLEAUT32.dll
0x70a90000 - 0x70aa4000 	C:\Windows\SYSTEM32\MSACM32.dll
0x74750000 - 0x74758000 	C:\Windows\SYSTEM32\VERSION.dll
0x75fa0000 - 0x77065000 	C:\Windows\SYSTEM32\SHELL32.dll
0x72970000 - 0x7298b000 	C:\Windows\SYSTEM32\USERENV.dll
0x70ee0000 - 0x70ef9000 	C:\Windows\SYSTEM32\dwmapi.dll
0x75810000 - 0x7592e000 	C:\Windows\SYSTEM32\urlmon.dll
0x72ad0000 - 0x72ae3000 	C:\Windows\SYSTEM32\MPR.dll
0x73b10000 - 0x73b21000 	C:\Windows\SYSTEM32\profapi.dll
0x75470000 - 0x7560b000 	C:\Windows\SYSTEM32\iertutil.dll
0x74810000 - 0x749c9000 	C:\Windows\SYSTEM32\WININET.dll
0x73e60000 - 0x73ed5000 	C:\Windows\SYSTEM32\SHCORE.DLL
0x72720000 - 0x72917000 	C:\Windows\WinSxS\x86_microsoft.windows.common-controls_6595b64144ccf1df_6.0.9200.16384_none_893961408605e985\comctl32.dll
0x6d2e0000 - 0x6d334000 	C:\Program Files (x86)\Java\jdk1.6.0_16\jre\bin\fontmanager.dll
0x70650000 - 0x70805000 	C:\Windows\SYSTEM32\d3d9.dll
0x6a220000 - 0x6afee000 	C:\Windows\SYSTEM32\nvd3dum.dll
0x72ef0000 - 0x72f2f000 	C:\Windows\system32\powrprof.dll
0x73070000 - 0x731a9000 	C:\Program Files (x86)\NVIDIA Corporation\3D Vision\nvSCPAPI.dll
0x74e40000 - 0x74fef000 	C:\Windows\SYSTEM32\SETUPAPI.dll
0x74df0000 - 0x74e36000 	C:\Windows\SYSTEM32\CFGMGR32.dll
0x75b40000 - 0x75b5e000 	C:\Windows\SYSTEM32\DEVOBJ.dll
0x6d6c0000 - 0x6d6d3000 	C:\Program Files (x86)\Java\jdk1.6.0_16\jre\bin\net.dll
0x75a50000 - 0x75aa0000 	C:\Windows\SYSTEM32\WS2_32.dll
0x75050000 - 0x75058000 	C:\Windows\SYSTEM32\NSI.dll
0x742e0000 - 0x7432a000 	C:\Windows\system32\mswsock.dll
0x6d6e0000 - 0x6d6e9000 	C:\Program Files (x86)\Java\jdk1.6.0_16\jre\bin\nio.dll
0x756c0000 - 0x75734000 	C:\Windows\SYSTEM32\clbcatq.dll
0x732c0000 - 0x732da000 	C:\Windows\SYSTEM32\CRYPTSP.dll
0x73260000 - 0x7329e000 	C:\Windows\system32\rsaenh.dll
0x74540000 - 0x74550000 	C:\Windows\system32\napinsp.dll
0x74340000 - 0x74354000 	C:\Windows\system32\pnrpnsp.dll
0x74330000 - 0x74340000 	C:\Windows\system32\NLAapi.dll
0x73a90000 - 0x73b05000 	C:\Windows\SYSTEM32\DNSAPI.dll
0x73470000 - 0x73479000 	C:\Windows\System32\winrnr.dll
0x73460000 - 0x73470000 	C:\Windows\system32\wshbth.dll
0x72920000 - 0x72927000 	C:\Windows\System32\rasadhlp.dll
0x73b40000 - 0x73b62000 	C:\Windows\SYSTEM32\IPHLPAPI.DLL
0x73b30000 - 0x73b38000 	C:\Windows\SYSTEM32\WINNSI.DLL
0x72930000 - 0x7296f000 	C:\Windows\System32\fwpuclnt.dll
0x0f070000 - 0x0f082000 	C:\Program Files (x86)\Java\jdk1.6.0_16\jre\bin\rxtxSerial.dll
0x0f090000 - 0x0f0b7000 	C:\Windows\SYSTEM32\crtdll.dll
0x0f820000 - 0x0f83b000 	C:\Windows\System32\JMyron.dll
0x0f850000 - 0x0f864000 	C:\Windows\SYSTEM32\myron_ezcam.dll
0x0f870000 - 0x0f883000 	C:\Windows\SYSTEM32\DSVL.dll
0x6dd60000 - 0x6dee2000 	C:\Windows\SYSTEM32\QUARTZ.dll
0x7c3a0000 - 0x7c41b000 	C:\Windows\SYSTEM32\MSVCP71.dll
0x734f0000 - 0x73520000 	C:\Windows\SYSTEM32\qcap.dll
0x6df10000 - 0x6df31000 	C:\Windows\SYSTEM32\MSVFW32.dll
0x72ff0000 - 0x7306d000 	C:\Windows\SYSTEM32\qedit.dll
0x75f10000 - 0x75f99000 	C:\Windows\SYSTEM32\COMDLG32.dll
0x75be0000 - 0x75d43000 	C:\Windows\WinSxS\x86_microsoft.windows.gdiplus_6595b64144ccf1df_1.1.9200.16384_none_ba245425e0986353\gdiplus.dll
0x6ba50000 - 0x6ba63000 	C:\Windows\SYSTEM32\devenum.dll
0x746c0000 - 0x746e6000 	C:\Windows\SYSTEM32\ntmarta.dll
0x74b80000 - 0x74bc3000 	C:\Windows\SYSTEM32\WINTRUST.dll
0x752e0000 - 0x75468000 	C:\Windows\SYSTEM32\CRYPT32.dll
0x75d50000 - 0x75d62000 	C:\Windows\SYSTEM32\MSASN1.dll
0x6ba40000 - 0x6ba4b000 	C:\Windows\SYSTEM32\msdmo.dll
0x734b0000 - 0x734e2000 	C:\Windows\SYSTEM32\ksproxy.ax
0x6b920000 - 0x6b925000 	C:\Windows\SYSTEM32\ksuser.dll
0x73d60000 - 0x73d6a000 	C:\Windows\SYSTEM32\vidcap.ax
0x732a0000 - 0x732bd000 	C:\Windows\SYSTEM32\kswdmcap.ax
0x73ef0000 - 0x74009000 	C:\Windows\SYSTEM32\MFC42.dll
0x73c10000 - 0x73cb1000 	C:\Windows\SYSTEM32\ODBC32.dll
0x72fe0000 - 0x72fea000 	C:\Windows\SYSTEM32\msyuv.dll

VM Arguments:
jvm_args: -Xbootclasspath/p:C:\Program Files (x86)\NetBeans 7.1\java\modules\ext\jaxws22\api\jaxws-api.jar;C:\Program Files (x86)\NetBeans 7.1\ide\modules\ext\jaxb\api\jaxb-api.jar -Dfile.encoding=UTF-8 
java_command: MyClientPack.Banner
Launcher Type: SUN_STANDARD

Environment Variables:
PATH=C:\Windows\system32;C:\Windows;C:\Windows\System32\Wbem;C:\Windows\System32\WindowsPowerShell\v1.0\;C:\Program Files\TortoiseSVN\bin
USERNAME=OorjaTech
OS=Windows_NT
PROCESSOR_IDENTIFIER=Intel64 Family 6 Model 42 Stepping 7, GenuineIntel



---------------  S Y S T E M  ---------------

OS: Windows NT 6.2 Build 9200 

CPU:total 4 (8 cores per cpu, 2 threads per core) family 6 model 42 stepping 7, cmov, cx8, fxsr, mmx, sse, sse2, sse3, ssse3, sse4.1, sse4.2, ht

Memory: 4k page, physical 4194303k(4194303k free), swap 4194303k(4194303k free)

vm_info: Java HotSpot(TM) Client VM (14.2-b01) for windows-x86 JRE (1.6.0_16-b01), built on Jul 31 2009 11:26:58 by "java_re" with MS VC++ 7.1

time: Tue Mar 24 17:58:12 2015
elapsed time: 9 seconds

