#
# A fatal error has been detected by the Java Runtime Environment:
#
#  EXCEPTION_ACCESS_VIOLATION (0xc0000005) at pc=0x0d3144a0, pid=2936, tid=3772
#
# JRE version: 6.0_16-b01
# Java VM: Java HotSpot(TM) Client VM (14.2-b01 mixed mode windows-x86 )
# Problematic frame:
# C  [myron_ezcam.dll+0x44a0]
#
# If you would like to submit a bug report, please visit:
#   http://java.sun.com/webapps/bugreport/crash.jsp
# The crash happened outside the Java Virtual Machine in native code.
# See problematic frame for where to report the bug.
#

---------------  T H R E A D  ---------------

Current thread (0x0c9efc00):  JavaThread "Timer-6" [_thread_in_native, id=3772, stack(0x12020000,0x12070000)]

siginfo: ExceptionCode=0xc0000005, reading address 0x00000000

Registers:
EAX=0x0f050020, EBX=0x00000000, ECX=0x00001c20, EDX=0x00000000
ESP=0x1206f924, EBP=0x1206f92c, ESI=0x00000000, EDI=0x0f050020
EIP=0x0d3144a0, EFLAGS=0x00010202

Top of Stack: (sp=0x1206f924)
0x1206f924:   000e1000 00000000 1206f95c 0d314559
0x1206f934:   0f050020 00000000 000e1000 0ca58668
0x1206f944:   00000000 0ca58668 00000000 00000000
0x1206f954:   0e500f28 09266588 1206f994 0d311412
0x1206f964:   0f050020 00000000 000e1000 00000001
0x1206f974:   0e060b48 0caf2b6c 0d281210 00000001
0x1206f984:   0c9efc00 0caf2f44 00000500 00000000
0x1206f994:   1206f99c 0d311835 1206fa04 0d2827d5 

Instructions: (pc=0x0d3144a0)
0x0d314490:   7d 08 8b 4d 10 c1 e9 07 eb 06 8d 9b 00 00 00 00
0x0d3144a0:   66 0f 6f 06 66 0f 6f 4e 10 66 0f 6f 56 20 66 0f 


Stack: [0x12020000,0x12070000],  sp=0x1206f924,  free space=318k
Native frames: (J=compiled Java code, j=interpreted, Vv=VM code, C=native code)
C  [myron_ezcam.dll+0x44a0]
C  [myron_ezcam.dll+0x4559]
C  [myron_ezcam.dll+0x1412]
C  [myron_ezcam.dll+0x1835]
C  [JMyron.dll+0x27d5]
j  JMyron.JMyron.update()V+1
j  MyClientPack.FrmWebcamTest.updateImage()V+4
j  MyClientPack.MyTimerTask5.run()V+15
J  java.util.TimerThread.mainLoop()V
j  java.util.TimerThread.run()V+1
v  ~StubRoutines::call_stub
V  [jvm.dll+0xecf9c]
V  [jvm.dll+0x1741e1]
V  [jvm.dll+0xed167]
V  [jvm.dll+0xed1dd]
V  [jvm.dll+0x116290]
V  [jvm.dll+0x1d0424]
V  [jvm.dll+0x173e5c]
C  [msvcr71.dll+0x9565]
C  [kernel32.dll+0x13677]
C  [ntdll.dll+0x39d72]
C  [ntdll.dll+0x39d45]

Java frames: (J=compiled Java code, j=interpreted, Vv=VM code)
j  JMyron.JMyron.native_update()V+0
j  JMyron.JMyron.update()V+1
j  MyClientPack.FrmWebcamTest.updateImage()V+4
j  MyClientPack.MyTimerTask5.run()V+15
J  java.util.TimerThread.mainLoop()V
j  java.util.TimerThread.run()V+1
v  ~StubRoutines::call_stub

---------------  P R O C E S S  ---------------

Java Threads: ( => current thread )
=>0x0c9efc00 JavaThread "Timer-6" [_thread_in_native, id=3772, stack(0x12020000,0x12070000)]
  0x0c9ee400 JavaThread "Image Fetcher 0" daemon [_thread_blocked, id=5032, stack(0x0e0f0000,0x0e140000)]
  0x0c9ed800 JavaThread "Keep-Alive-Timer" daemon [_thread_blocked, id=3880, stack(0x0fa70000,0x0fac0000)]
  0x0c9ef400 JavaThread "Timer-5" [_thread_blocked, id=1260, stack(0x132a0000,0x132f0000)]
  0x0c9ef000 JavaThread "Timer-4" [_thread_blocked, id=4724, stack(0x13210000,0x13260000)]
  0x0c9ee800 JavaThread "Timer-3" [_thread_blocked, id=2292, stack(0x131c0000,0x13210000)]
  0x0c9ed000 JavaThread "Timer-2" [_thread_blocked, id=4164, stack(0x13170000,0x131c0000)]
  0x0daec000 JavaThread "Timer-1" [_thread_blocked, id=4700, stack(0x130e0000,0x13130000)]
  0x0dad1c00 JavaThread "Timer-0" [_thread_blocked, id=4136, stack(0x12fc0000,0x13010000)]
  0x0241d400 JavaThread "Thread-3" [_thread_in_native, id=4856, stack(0x0d1f0000,0x0d240000)]
  0x0caba000 JavaThread "TimerQueue" daemon [_thread_blocked, id=4948, stack(0x0d9b0000,0x0da00000)]
  0x00da9000 JavaThread "DestroyJavaVM" [_thread_blocked, id=2740, stack(0x005a0000,0x005f0000)]
  0x02439800 JavaThread "AWT-EventQueue-0" [_thread_blocked, id=3224, stack(0x0cfa0000,0x0cff0000)]
  0x02439000 JavaThread "AWT-Windows" daemon [_thread_in_native, id=3012, stack(0x0cf10000,0x0cf60000)]
  0x02438c00 JavaThread "AWT-Shutdown" [_thread_blocked, id=1208, stack(0x0ce80000,0x0ced0000)]
  0x0c9ea800 JavaThread "Java2D Disposer" daemon [_thread_blocked, id=3536, stack(0x0ccd0000,0x0cd20000)]
  0x0240d000 JavaThread "Low Memory Detector" daemon [_thread_blocked, id=3968, stack(0x0c8e0000,0x0c930000)]
  0x02408800 JavaThread "CompilerThread0" daemon [_thread_blocked, id=3304, stack(0x0c850000,0x0c8a0000)]
  0x02407800 JavaThread "Attach Listener" daemon [_thread_blocked, id=3272, stack(0x0c7c0000,0x0c810000)]
  0x023fd000 JavaThread "Signal Dispatcher" daemon [_thread_blocked, id=4608, stack(0x0c730000,0x0c780000)]
  0x023cf800 JavaThread "Finalizer" daemon [_thread_blocked, id=3924, stack(0x0c6a0000,0x0c6f0000)]
  0x023cac00 JavaThread "Reference Handler" daemon [_thread_blocked, id=5012, stack(0x0c610000,0x0c660000)]

Other Threads:
  0x023c7000 VMThread [stack: 0x0c580000,0x0c5d0000] [id=3104]
  0x0240e400 WatcherThread [stack: 0x0c970000,0x0c9c0000] [id=5104]

VM state:not at safepoint (normal execution)

VM Mutex/Monitor currently owned by a thread: None

Heap
 def new generation   total 2688K, used 1419K [0x044c0000, 0x047a0000, 0x049a0000)
  eden space 2432K,  47% used [0x044c0000, 0x045e2ec0, 0x04720000)
  from space 256K, 100% used [0x04760000, 0x047a0000, 0x047a0000)
  to   space 256K,   0% used [0x04720000, 0x04720000, 0x04760000)
 tenured generation   total 34548K, used 22961K [0x049a0000, 0x06b5d000, 0x084c0000)
   the space 34548K,  66% used [0x049a0000, 0x0600c720, 0x0600c800, 0x06b5d000)
 compacting perm gen  total 16384K, used 16232K [0x084c0000, 0x094c0000, 0x0c4c0000)
   the space 16384K,  99% used [0x084c0000, 0x0949a000, 0x0949a000, 0x094c0000)
No shared spaces configured.

Dynamic libraries:
0x00400000 - 0x00424000 	C:\Program Files (x86)\Java\jdk1.6.0_16\jre\bin\java.exe
0x77670000 - 0x777f0000 	C:\Windows\SysWOW64\ntdll.dll
0x765e0000 - 0x766e0000 	C:\Windows\syswow64\kernel32.dll
0x761f0000 - 0x76236000 	C:\Windows\syswow64\KERNELBASE.dll
0x762d0000 - 0x76370000 	C:\Windows\syswow64\ADVAPI32.dll
0x76af0000 - 0x76b9c000 	C:\Windows\syswow64\msvcrt.dll
0x75240000 - 0x75259000 	C:\Windows\SysWOW64\sechost.dll
0x760b0000 - 0x761a0000 	C:\Windows\syswow64\RPCRT4.dll
0x751e0000 - 0x75240000 	C:\Windows\syswow64\SspiCli.dll
0x751d0000 - 0x751dc000 	C:\Windows\syswow64\CRYPTBASE.dll
0x7c340000 - 0x7c396000 	C:\Program Files (x86)\Java\jdk1.6.0_16\jre\bin\msvcr71.dll
0x6d8b0000 - 0x6db3b000 	C:\Program Files (x86)\Java\jdk1.6.0_16\jre\bin\client\jvm.dll
0x76d90000 - 0x76e90000 	C:\Windows\syswow64\USER32.dll
0x76510000 - 0x765a0000 	C:\Windows\syswow64\GDI32.dll
0x761b0000 - 0x761ba000 	C:\Windows\syswow64\LPK.dll
0x76fd0000 - 0x7706d000 	C:\Windows\syswow64\USP10.dll
0x72400000 - 0x72432000 	C:\Windows\system32\WINMM.dll
0x764b0000 - 0x76510000 	C:\Windows\system32\IMM32.DLL
0x76760000 - 0x7682c000 	C:\Windows\syswow64\MSCTF.dll
0x719d0000 - 0x71a1b000 	C:\Windows\system32\apphelp.dll
0x6d860000 - 0x6d86c000 	C:\Program Files (x86)\Java\jdk1.6.0_16\jre\bin\verify.dll
0x6d3e0000 - 0x6d3ff000 	C:\Program Files (x86)\Java\jdk1.6.0_16\jre\bin\java.dll
0x6d340000 - 0x6d348000 	C:\Program Files (x86)\Java\jdk1.6.0_16\jre\bin\hpi.dll
0x76490000 - 0x76495000 	C:\Windows\syswow64\PSAPI.DLL
0x6d8a0000 - 0x6d8af000 	C:\Program Files (x86)\Java\jdk1.6.0_16\jre\bin\zip.dll
0x6d0b0000 - 0x6d1fa000 	C:\Program Files (x86)\Java\jdk1.6.0_16\jre\bin\awt.dll
0x73a50000 - 0x73aa1000 	C:\Windows\system32\WINSPOOL.DRV
0x76ba0000 - 0x76cfc000 	C:\Windows\syswow64\ole32.dll
0x71eb0000 - 0x7204e000 	C:\Windows\WinSxS\x86_microsoft.windows.common-controls_6595b64144ccf1df_6.0.7600.16385_none_421189da2b7fabfc\comctl32.dll
0x76270000 - 0x762c7000 	C:\Windows\syswow64\SHLWAPI.dll
0x715c0000 - 0x715d3000 	C:\Windows\system32\DWMAPI.DLL
0x71660000 - 0x716e0000 	C:\Windows\system32\uxtheme.dll
0x6d2e0000 - 0x6d334000 	C:\Program Files (x86)\Java\jdk1.6.0_16\jre\bin\fontmanager.dll
0x75260000 - 0x75ea9000 	C:\Windows\syswow64\shell32.dll
0x6d6c0000 - 0x6d6d3000 	C:\Program Files (x86)\Java\jdk1.6.0_16\jre\bin\net.dll
0x765a0000 - 0x765d5000 	C:\Windows\syswow64\WS2_32.dll
0x77640000 - 0x77646000 	C:\Windows\syswow64\NSI.dll
0x723c0000 - 0x723fc000 	C:\Windows\system32\mswsock.dll
0x71490000 - 0x71496000 	C:\Windows\System32\wship6.dll
0x6d6e0000 - 0x6d6e9000 	C:\Program Files (x86)\Java\jdk1.6.0_16\jre\bin\nio.dll
0x76a60000 - 0x76ae3000 	C:\Windows\syswow64\CLBCatQ.DLL
0x769d0000 - 0x76a5f000 	C:\Windows\syswow64\OLEAUT32.dll
0x74a70000 - 0x74a86000 	C:\Windows\system32\CRYPTSP.dll
0x74a30000 - 0x74a6b000 	C:\Windows\system32\rsaenh.dll
0x737a0000 - 0x737b7000 	C:\Windows\system32\USERENV.dll
0x73790000 - 0x7379b000 	C:\Windows\system32\profapi.dll
0x73950000 - 0x73960000 	C:\Windows\system32\NLAapi.dll
0x72370000 - 0x723b4000 	C:\Windows\system32\DNSAPI.dll
0x73940000 - 0x73948000 	C:\Windows\System32\winrnr.dll
0x73930000 - 0x73940000 	C:\Windows\system32\napinsp.dll
0x72350000 - 0x72362000 	C:\Windows\system32\pnrpnsp.dll
0x73920000 - 0x7392d000 	C:\Windows\system32\wshbth.dll
0x72340000 - 0x72345000 	C:\Windows\System32\wshtcpip.dll
0x72ae0000 - 0x72afc000 	C:\Windows\system32\IPHLPAPI.DLL
0x72ad0000 - 0x72ad7000 	C:\Windows\system32\WINNSI.DLL
0x70f40000 - 0x70f46000 	C:\Windows\system32\rasadhlp.dll
0x70f00000 - 0x70f38000 	C:\Windows\System32\fwpuclnt.dll
0x10000000 - 0x10012000 	C:\Program Files (x86)\Java\jdk1.6.0_16\jre\bin\rxtxSerial.dll
0x6c240000 - 0x6c267000 	C:\Windows\system32\crtdll.dll
0x0d280000 - 0x0d29b000 	C:\Program Files (x86)\Java\jdk1.6.0_16\jre\bin\JMyron.dll
0x0d310000 - 0x0d324000 	C:\Program Files (x86)\Java\jdk1.6.0_16\jre\bin\myron_ezcam.dll
0x0d330000 - 0x0d343000 	C:\Program Files (x86)\Java\jdk1.6.0_16\jre\bin\DSVL.dll
0x65090000 - 0x65207000 	C:\Windows\system32\QUARTZ.dll
0x7c3a0000 - 0x7c41b000 	C:\Program Files (x86)\Java\jdk1.6.0_16\jre\bin\MSVCP71.dll
0x70b30000 - 0x70b62000 	C:\Windows\SysWOW64\qcap.dll
0x70b00000 - 0x70b21000 	C:\Windows\SysWOW64\MSVFW32.dll
0x73a10000 - 0x73a19000 	C:\Windows\SysWOW64\VERSION.dll
0x6e060000 - 0x6e0e0000 	C:\Windows\SysWOW64\qedit.dll
0x766e0000 - 0x7675b000 	C:\Windows\syswow64\COMDLG32.dll
0x64f00000 - 0x65090000 	C:\Windows\WinSxS\x86_microsoft.windows.gdiplus_6595b64144ccf1df_1.1.7600.16385_none_72fc7cbf861225ca\gdiplus.dll
0x70ae0000 - 0x70af4000 	C:\Windows\SysWOW64\devenum.dll
0x76830000 - 0x769cd000 	C:\Windows\syswow64\setupapi.dll
0x75fd0000 - 0x75ff7000 	C:\Windows\syswow64\CFGMGR32.dll
0x75eb0000 - 0x75ec2000 	C:\Windows\syswow64\DEVOBJ.dll
0x736f0000 - 0x73711000 	C:\Windows\system32\ntmarta.dll
0x76000000 - 0x76045000 	C:\Windows\syswow64\WLDAP32.dll
0x76240000 - 0x7626d000 	C:\Windows\syswow64\WINTRUST.dll
0x76370000 - 0x7648c000 	C:\Windows\syswow64\CRYPT32.dll
0x764a0000 - 0x764ac000 	C:\Windows\syswow64\MSASN1.dll
0x71270000 - 0x7127b000 	C:\Windows\system32\msdmo.dll
0x6e020000 - 0x6e053000 	C:\Windows\SysWOW64\ksproxy.ax
0x66830000 - 0x66834000 	C:\Windows\SysWOW64\ksuser.dll
0x68020000 - 0x681e3000 	C:\Windows\SysWOW64\d3d9.dll
0x68010000 - 0x68016000 	C:\Windows\SysWOW64\d3d8thk.dll
0x71260000 - 0x71269000 	C:\Windows\SysWOW64\vidcap.ax
0x6f050000 - 0x6f06d000 	C:\Windows\SysWOW64\kswdmcap.ax
0x64de0000 - 0x64efc000 	C:\Windows\SysWOW64\MFC42.dll
0x64d50000 - 0x64dda000 	C:\Windows\SysWOW64\ODBC32.dll
0x64d10000 - 0x64d48000 	C:\Windows\SysWOW64\odbcint.dll
0x0f250000 - 0x0f6bc000 	C:\Program Files (x86)\K-Lite Codec Pack\ffdshow\ffdshow.ax
0x64ce0000 - 0x64d05000 	C:\Windows\system32\DINPUT.dll
0x0f7c0000 - 0x0f8bb000 	C:\Program Files (x86)\K-Lite Codec Pack\Filters\vsfilter.dll
0x75ed0000 - 0x75fc4000 	C:\Windows\syswow64\WININET.dll
0x761a0000 - 0x761a3000 	C:\Windows\syswow64\Normaliz.dll
0x76e90000 - 0x76fc5000 	C:\Windows\syswow64\urlmon.dll
0x77070000 - 0x77269000 	C:\Windows\syswow64\iertutil.dll
0x6d500000 - 0x6d524000 	C:\Program Files (x86)\Java\jdk1.6.0_16\jre\bin\jpeg.dll
0x6d250000 - 0x6d273000 	C:\Program Files (x86)\Java\jdk1.6.0_16\jre\bin\dcpr.dll
0x739a0000 - 0x739a9000 	C:\Windows\system32\msyuv.dll

VM Arguments:
jvm_args: -Xbootclasspath/p:C:\Program Files (x86)\NetBeans 7.1\java\modules\ext\jaxws22\api\jaxws-api.jar;C:\Program Files (x86)\NetBeans 7.1\ide\modules\ext\jaxb\api\jaxb-api.jar -Dfile.encoding=UTF-8 
java_command: MyClientPack.Banner
Launcher Type: SUN_STANDARD

Environment Variables:
PATH=C:\Windows\system32;C:\Windows;C:\Windows\System32\Wbem;C:\Windows\System32\WindowsPowerShell\v1.0\
USERNAME=Admin
OS=Windows_NT
PROCESSOR_IDENTIFIER=Intel64 Family 6 Model 23 Stepping 10, GenuineIntel



---------------  S Y S T E M  ---------------

OS: Windows 7 Build 7600 

CPU:total 2 (2 cores per cpu, 1 threads per core) family 6 model 23 stepping 10, cmov, cx8, fxsr, mmx, sse, sse2, sse3, ssse3, sse4.1

Memory: 4k page, physical 2056816k(596672k free), swap 4113632k(1770016k free)

vm_info: Java HotSpot(TM) Client VM (14.2-b01) for windows-x86 JRE (1.6.0_16-b01), built on Jul 31 2009 11:26:58 by "java_re" with MS VC++ 7.1

time: Fri Mar 27 11:53:41 2015
elapsed time: 783 seconds

